The system is: Linux - 5.4.0-52-generic - x86_64
The system is: Linux - 5.4.0-52-generic - x86_64
Compiling the C compiler identification source file "CMakeCCompilerId.c" succeeded.
Compiler: /usr/bin/cc 
Build flags: 
Id flags: -c 

The output was:
0


Compilation of the C compiler identification source "CMakeCCompilerId.c" produced "CMakeCCompilerId.o"

The C compiler identification is GNU, found in "/home/moshe/alpaca-trade-api-cpp/alpaca/deps/zlib_build/CMakeFiles/3.16.3/CompilerIdC/CMakeCCompilerId.o"

Compiling the C compiler identification source file "CMakeCCompilerId.c" succeeded.
Compiler: /usr/bin/cc 
Build flags: 
Id flags: -c 

The output was:
0


Compilation of the C compiler identification source "CMakeCCompilerId.c" produced "CMakeCCompilerId.o"

The C compiler identification is GNU, found in "/home/moshe/alpaca-trade-api-cpp/alpaca/deps/zlib_build/CMakeFiles/3.16.3/CompilerIdC/CMakeCCompilerId.o"

Determining if the C compiler works passed with the following output:
Change Dir: /home/moshe/alpaca-trade-api-cpp/alpaca/deps/zlib_build/CMakeFiles/CMakeTmp

Run Build Command(s):/usr/bin/make cmTC_4f71b/fast && make[3]: Entering directory '/home/moshe/alpaca-trade-api-cpp/alpaca/deps/zlib_build/CMakeFiles/CMakeTmp'
/usr/bin/make -f CMakeFiles/cmTC_4f71b.dir/build.make CMakeFiles/cmTC_4f71b.dir/build
make[4]: Entering directory '/home/moshe/alpaca-trade-api-cpp/alpaca/deps/zlib_build/CMakeFiles/CMakeTmp'
Building C object CMakeFiles/cmTC_4f71b.dir/testCCompiler.c.o
/usr/bin/cc    -o CMakeFiles/cmTC_4f71b.dir/testCCompiler.c.o   -c /home/moshe/alpaca-trade-api-cpp/alpaca/deps/zlib_build/CMakeFiles/CMakeTmp/testCCompiler.c
Linking C executable cmTC_4f71b
/usr/bin/cmake -E cmake_link_script CMakeFiles/cmTC_4f71b.dir/link.txt --verbose=1
/usr/bin/cc      -rdynamic CMakeFiles/cmTC_4f71b.dir/testCCompiler.c.o  -o cmTC_4f71b 
make[4]: Leaving directory '/home/moshe/alpaca-trade-api-cpp/alpaca/deps/zlib_build/CMakeFiles/CMakeTmp'
make[3]: Leaving directory '/home/moshe/alpaca-trade-api-cpp/alpaca/deps/zlib_build/CMakeFiles/CMakeTmp'



Determining if the C compiler works passed with the following output:
Change Dir: /home/moshe/alpaca-trade-api-cpp/alpaca/deps/zlib_build/CMakeFiles/CMakeTmp

Run Build Command(s):/usr/bin/make cmTC_727c8/fast && make[3]: Entering directory '/home/moshe/alpaca-trade-api-cpp/alpaca/deps/zlib_build/CMakeFiles/CMakeTmp'
/usr/bin/make -f CMakeFiles/cmTC_727c8.dir/build.make CMakeFiles/cmTC_727c8.dir/build
make[4]: Entering directory '/home/moshe/alpaca-trade-api-cpp/alpaca/deps/zlib_build/CMakeFiles/CMakeTmp'
Building C object CMakeFiles/cmTC_727c8.dir/testCCompiler.c.o
/usr/bin/cc    -o CMakeFiles/cmTC_727c8.dir/testCCompiler.c.o   -c /home/moshe/alpaca-trade-api-cpp/alpaca/deps/zlib_build/CMakeFiles/CMakeTmp/testCCompiler.c
Linking C executable cmTC_727c8
/usr/bin/cmake -E cmake_link_script CMakeFiles/cmTC_727c8.dir/link.txt --verbose=1
/usr/bin/cc      -rdynamic CMakeFiles/cmTC_727c8.dir/testCCompiler.c.o  -o cmTC_727c8 
make[4]: Leaving directory '/home/moshe/alpaca-trade-api-cpp/alpaca/deps/zlib_build/CMakeFiles/CMakeTmp'
make[3]: Leaving directory '/home/moshe/alpaca-trade-api-cpp/alpaca/deps/zlib_build/CMakeFiles/CMakeTmp'



Determining if the include file stdint.h exists passed with the following output:
Change Dir: /home/moshe/alpaca-trade-api-cpp/alpaca/deps/zlib_build/CMakeFiles/CMakeTmp

Run Build Command(s):/usr/bin/make cmTC_4a7d2/fast && make[3]: Entering directory '/home/moshe/alpaca-trade-api-cpp/alpaca/deps/zlib_build/CMakeFiles/CMakeTmp'
/usr/bin/make -f CMakeFiles/cmTC_4a7d2.dir/build.make CMakeFiles/cmTC_4a7d2.dir/build
make[4]: Entering directory '/home/moshe/alpaca-trade-api-cpp/alpaca/deps/zlib_build/CMakeFiles/CMakeTmp'
Building C object CMakeFiles/cmTC_4a7d2.dir/CheckIncludeFile.c.o
/usr/bin/cc    -o CMakeFiles/cmTC_4a7d2.dir/CheckIncludeFile.c.o   -c /home/moshe/alpaca-trade-api-cpp/alpaca/deps/zlib_build/CMakeFiles/CMakeTmp/CheckIncludeFile.c
Linking C executable cmTC_4a7d2
/usr/bin/cmake -E cmake_link_script CMakeFiles/cmTC_4a7d2.dir/link.txt --verbose=1
/usr/bin/cc      -rdynamic CMakeFiles/cmTC_4a7d2.dir/CheckIncludeFile.c.o  -o cmTC_4a7d2 
make[4]: Leaving directory '/home/moshe/alpaca-trade-api-cpp/alpaca/deps/zlib_build/CMakeFiles/CMakeTmp'
make[3]: Leaving directory '/home/moshe/alpaca-trade-api-cpp/alpaca/deps/zlib_build/CMakeFiles/CMakeTmp'



Determining if the include file sys/types.h exists passed with the following output:
Change Dir: /home/moshe/alpaca-trade-api-cpp/alpaca/deps/zlib_build/CMakeFiles/CMakeTmp

Run Build Command(s):/usr/bin/make cmTC_75a2b/fast && make[3]: Entering directory '/home/moshe/alpaca-trade-api-cpp/alpaca/deps/zlib_build/CMakeFiles/CMakeTmp'
/usr/bin/make -f CMakeFiles/cmTC_75a2b.dir/build.make CMakeFiles/cmTC_75a2b.dir/build
make[4]: Entering directory '/home/moshe/alpaca-trade-api-cpp/alpaca/deps/zlib_build/CMakeFiles/CMakeTmp'
Building C object CMakeFiles/cmTC_75a2b.dir/CheckIncludeFile.c.o
/usr/bin/cc    -o CMakeFiles/cmTC_75a2b.dir/CheckIncludeFile.c.o   -c /home/moshe/alpaca-trade-api-cpp/alpaca/deps/zlib_build/CMakeFiles/CMakeTmp/CheckIncludeFile.c
Linking C executable cmTC_75a2b
/usr/bin/cmake -E cmake_link_script CMakeFiles/cmTC_75a2b.dir/link.txt --verbose=1
/usr/bin/cc      -rdynamic CMakeFiles/cmTC_75a2b.dir/CheckIncludeFile.c.o  -o cmTC_75a2b 
make[4]: Leaving directory '/home/moshe/alpaca-trade-api-cpp/alpaca/deps/zlib_build/CMakeFiles/CMakeTmp'
make[3]: Leaving directory '/home/moshe/alpaca-trade-api-cpp/alpaca/deps/zlib_build/CMakeFiles/CMakeTmp'



Determining if the function fseeko exists passed with the following output:
Change Dir: /home/moshe/alpaca-trade-api-cpp/alpaca/deps/zlib_build/CMakeFiles/CMakeTmp

Run Build Command(s):/usr/bin/make cmTC_dd641/fast && make[3]: Entering directory '/home/moshe/alpaca-trade-api-cpp/alpaca/deps/zlib_build/CMakeFiles/CMakeTmp'
/usr/bin/make -f CMakeFiles/cmTC_dd641.dir/build.make CMakeFiles/cmTC_dd641.dir/build
make[4]: Entering directory '/home/moshe/alpaca-trade-api-cpp/alpaca/deps/zlib_build/CMakeFiles/CMakeTmp'
Building C object CMakeFiles/cmTC_dd641.dir/CheckFunctionExists.c.o
/usr/bin/cc   -DCHECK_FUNCTION_EXISTS=fseeko   -o CMakeFiles/cmTC_dd641.dir/CheckFunctionExists.c.o   -c /usr/share/cmake-3.16/Modules/CheckFunctionExists.c
Linking C executable cmTC_dd641
/usr/bin/cmake -E cmake_link_script CMakeFiles/cmTC_dd641.dir/link.txt --verbose=1
/usr/bin/cc  -DCHECK_FUNCTION_EXISTS=fseeko    -rdynamic CMakeFiles/cmTC_dd641.dir/CheckFunctionExists.c.o  -o cmTC_dd641 
make[4]: Leaving directory '/home/moshe/alpaca-trade-api-cpp/alpaca/deps/zlib_build/CMakeFiles/CMakeTmp'
make[3]: Leaving directory '/home/moshe/alpaca-trade-api-cpp/alpaca/deps/zlib_build/CMakeFiles/CMakeTmp'



Determining if the include file unistd.h exists passed with the following output:
Change Dir: /home/moshe/alpaca-trade-api-cpp/alpaca/deps/zlib_build/CMakeFiles/CMakeTmp

Run Build Command(s):/usr/bin/make cmTC_c4c77/fast && make[3]: Entering directory '/home/moshe/alpaca-trade-api-cpp/alpaca/deps/zlib_build/CMakeFiles/CMakeTmp'
/usr/bin/make -f CMakeFiles/cmTC_c4c77.dir/build.make CMakeFiles/cmTC_c4c77.dir/build
make[4]: Entering directory '/home/moshe/alpaca-trade-api-cpp/alpaca/deps/zlib_build/CMakeFiles/CMakeTmp'
Building C object CMakeFiles/cmTC_c4c77.dir/CheckIncludeFile.c.o
/usr/bin/cc    -o CMakeFiles/cmTC_c4c77.dir/CheckIncludeFile.c.o   -c /home/moshe/alpaca-trade-api-cpp/alpaca/deps/zlib_build/CMakeFiles/CMakeTmp/CheckIncludeFile.c
Linking C executable cmTC_c4c77
/usr/bin/cmake -E cmake_link_script CMakeFiles/cmTC_c4c77.dir/link.txt --verbose=1
/usr/bin/cc      -rdynamic CMakeFiles/cmTC_c4c77.dir/CheckIncludeFile.c.o  -o cmTC_c4c77 
make[4]: Leaving directory '/home/moshe/alpaca-trade-api-cpp/alpaca/deps/zlib_build/CMakeFiles/CMakeTmp'
make[3]: Leaving directory '/home/moshe/alpaca-trade-api-cpp/alpaca/deps/zlib_build/CMakeFiles/CMakeTmp'



