Compiling the C compiler identification source file "CMakeCCompilerId.c" failed.
Compiler: /usr/bin/cc 
Build flags: 
Id flags:  

The output was:
1
/usr/bin/ld: cannot open output file a.out: No such file or directory
collect2: error: ld returned 1 exit status


Determining if the C compiler works failed with the following output:
Change Dir: /home/moshe/alpaca-trade-api-cpp/alpaca/deps/libuv_build/CMakeFiles/CMakeTmp

Run Build Command(s):/usr/bin/make cmTC_5d7da/fast && make[3]: Entering directory '/home/moshe/alpaca-trade-api-cpp/alpaca/deps/libuv_build/CMakeFiles/CMakeTmp'
make[3]: *** No rule to make target 'cmTC_5d7da/fast'.  Stop.
make[3]: Leaving directory '/home/moshe/alpaca-trade-api-cpp/alpaca/deps/libuv_build/CMakeFiles/CMakeTmp'



Determining if the C compiler works failed with the following output:
Change Dir: /home/moshe/alpaca-trade-api-cpp/alpaca/deps/libuv_build/CMakeFiles/CMakeTmp

Run Build Command(s):/usr/bin/make cmTC_c6c84/fast && make[3]: Entering directory '/home/moshe/alpaca-trade-api-cpp/alpaca/deps/libuv_build/CMakeFiles/CMakeTmp'
/usr/bin/make -f CMakeFiles/cmTC_c6c84.dir/build.make CMakeFiles/cmTC_c6c84.dir/build
make[4]: Entering directory '/home/moshe/alpaca-trade-api-cpp/alpaca/deps/libuv_build/CMakeFiles/CMakeTmp'
make[4]: CMakeFiles/cmTC_c6c84.dir/build.make: No such file or directory
make[4]: *** No rule to make target 'CMakeFiles/cmTC_c6c84.dir/build.make'.  Stop.
make[4]: Leaving directory '/home/moshe/alpaca-trade-api-cpp/alpaca/deps/libuv_build/CMakeFiles/CMakeTmp'
make[3]: *** [Makefile:121: cmTC_c6c84/fast] Error 2
make[3]: Leaving directory '/home/moshe/alpaca-trade-api-cpp/alpaca/deps/libuv_build/CMakeFiles/CMakeTmp'



