Performing C SOURCE FILE Test CMAKE_HAVE_LIBC_PTHREAD failed with the following output:
Change Dir: /home/moshe/alpaca-trade-api-cpp/build/deps/glog_build/CMakeFiles/CMakeTmp

Run Build Command(s):/usr/bin/make cmTC_586a3/fast && make[3]: Entering directory '/home/moshe/alpaca-trade-api-cpp/build/deps/glog_build/CMakeFiles/CMakeTmp'
/usr/bin/make -f CMakeFiles/cmTC_586a3.dir/build.make CMakeFiles/cmTC_586a3.dir/build
make[4]: Entering directory '/home/moshe/alpaca-trade-api-cpp/build/deps/glog_build/CMakeFiles/CMakeTmp'
Building C object CMakeFiles/cmTC_586a3.dir/src.c.o
/usr/bin/cc   -DCMAKE_HAVE_LIBC_PTHREAD   -o CMakeFiles/cmTC_586a3.dir/src.c.o   -c /home/moshe/alpaca-trade-api-cpp/build/deps/glog_build/CMakeFiles/CMakeTmp/src.c
Linking C executable cmTC_586a3
/usr/bin/cmake -E cmake_link_script CMakeFiles/cmTC_586a3.dir/link.txt --verbose=1
/usr/bin/cc  -DCMAKE_HAVE_LIBC_PTHREAD    -rdynamic CMakeFiles/cmTC_586a3.dir/src.c.o  -o cmTC_586a3 
/usr/bin/ld: CMakeFiles/cmTC_586a3.dir/src.c.o: in function `main':
src.c:(.text+0x46): undefined reference to `pthread_create'
/usr/bin/ld: src.c:(.text+0x52): undefined reference to `pthread_detach'
/usr/bin/ld: src.c:(.text+0x63): undefined reference to `pthread_join'
collect2: error: ld returned 1 exit status
make[4]: *** [CMakeFiles/cmTC_586a3.dir/build.make:87: cmTC_586a3] Error 1
make[4]: Leaving directory '/home/moshe/alpaca-trade-api-cpp/build/deps/glog_build/CMakeFiles/CMakeTmp'
make[3]: *** [Makefile:121: cmTC_586a3/fast] Error 2
make[3]: Leaving directory '/home/moshe/alpaca-trade-api-cpp/build/deps/glog_build/CMakeFiles/CMakeTmp'


Source file was:
#include <pthread.h>

void* test_func(void* data)
{
  return data;
}

int main(void)
{
  pthread_t thread;
  pthread_create(&thread, NULL, test_func, NULL);
  pthread_detach(thread);
  pthread_join(thread, NULL);
  pthread_atfork(NULL, NULL, NULL);
  pthread_exit(NULL);

  return 0;
}

Determining if the function pthread_create exists in the pthreads failed with the following output:
Change Dir: /home/moshe/alpaca-trade-api-cpp/build/deps/glog_build/CMakeFiles/CMakeTmp

Run Build Command(s):/usr/bin/make cmTC_3c90b/fast && make[3]: Entering directory '/home/moshe/alpaca-trade-api-cpp/build/deps/glog_build/CMakeFiles/CMakeTmp'
/usr/bin/make -f CMakeFiles/cmTC_3c90b.dir/build.make CMakeFiles/cmTC_3c90b.dir/build
make[4]: Entering directory '/home/moshe/alpaca-trade-api-cpp/build/deps/glog_build/CMakeFiles/CMakeTmp'
Building C object CMakeFiles/cmTC_3c90b.dir/CheckFunctionExists.c.o
/usr/bin/cc   -DCHECK_FUNCTION_EXISTS=pthread_create   -o CMakeFiles/cmTC_3c90b.dir/CheckFunctionExists.c.o   -c /usr/share/cmake-3.16/Modules/CheckFunctionExists.c
Linking C executable cmTC_3c90b
/usr/bin/cmake -E cmake_link_script CMakeFiles/cmTC_3c90b.dir/link.txt --verbose=1
/usr/bin/cc  -DCHECK_FUNCTION_EXISTS=pthread_create    -rdynamic CMakeFiles/cmTC_3c90b.dir/CheckFunctionExists.c.o  -o cmTC_3c90b  -lpthreads 
/usr/bin/ld: cannot find -lpthreads
collect2: error: ld returned 1 exit status
make[4]: *** [CMakeFiles/cmTC_3c90b.dir/build.make:87: cmTC_3c90b] Error 1
make[4]: Leaving directory '/home/moshe/alpaca-trade-api-cpp/build/deps/glog_build/CMakeFiles/CMakeTmp'
make[3]: *** [Makefile:121: cmTC_3c90b/fast] Error 2
make[3]: Leaving directory '/home/moshe/alpaca-trade-api-cpp/build/deps/glog_build/CMakeFiles/CMakeTmp'



Determining if the include file libunwind.h exists failed with the following output:
Change Dir: /home/moshe/alpaca-trade-api-cpp/build/deps/glog_build/CMakeFiles/CMakeTmp

Run Build Command(s):/usr/bin/make cmTC_15926/fast && make[3]: Entering directory '/home/moshe/alpaca-trade-api-cpp/build/deps/glog_build/CMakeFiles/CMakeTmp'
/usr/bin/make -f CMakeFiles/cmTC_15926.dir/build.make CMakeFiles/cmTC_15926.dir/build
make[4]: Entering directory '/home/moshe/alpaca-trade-api-cpp/build/deps/glog_build/CMakeFiles/CMakeTmp'
Building C object CMakeFiles/cmTC_15926.dir/CheckIncludeFile.c.o
/usr/bin/cc    -o CMakeFiles/cmTC_15926.dir/CheckIncludeFile.c.o   -c /home/moshe/alpaca-trade-api-cpp/build/deps/glog_build/CMakeFiles/CMakeTmp/CheckIncludeFile.c
/home/moshe/alpaca-trade-api-cpp/build/deps/glog_build/CMakeFiles/CMakeTmp/CheckIncludeFile.c:1:10: fatal error: libunwind.h: No such file or directory
    1 | #include <libunwind.h>
      |          ^~~~~~~~~~~~~
compilation terminated.
make[4]: *** [CMakeFiles/cmTC_15926.dir/build.make:66: CMakeFiles/cmTC_15926.dir/CheckIncludeFile.c.o] Error 1
make[4]: Leaving directory '/home/moshe/alpaca-trade-api-cpp/build/deps/glog_build/CMakeFiles/CMakeTmp'
make[3]: *** [Makefile:121: cmTC_15926/fast] Error 2
make[3]: Leaving directory '/home/moshe/alpaca-trade-api-cpp/build/deps/glog_build/CMakeFiles/CMakeTmp'



Performing C SOURCE FILE Test CMAKE_HAVE_LIBC_PTHREAD failed with the following output:
Change Dir: /home/moshe/alpaca-trade-api-cpp/build/deps/glog_build/CMakeFiles/CMakeTmp

Run Build Command(s):/usr/bin/make cmTC_0089c/fast && make[3]: Entering directory '/home/moshe/alpaca-trade-api-cpp/build/deps/glog_build/CMakeFiles/CMakeTmp'
/usr/bin/make -f CMakeFiles/cmTC_0089c.dir/build.make CMakeFiles/cmTC_0089c.dir/build
make[4]: Entering directory '/home/moshe/alpaca-trade-api-cpp/build/deps/glog_build/CMakeFiles/CMakeTmp'
Building C object CMakeFiles/cmTC_0089c.dir/src.c.o
/usr/bin/cc   -DCMAKE_HAVE_LIBC_PTHREAD   -o CMakeFiles/cmTC_0089c.dir/src.c.o   -c /home/moshe/alpaca-trade-api-cpp/build/deps/glog_build/CMakeFiles/CMakeTmp/src.c
Linking C executable cmTC_0089c
/usr/bin/cmake -E cmake_link_script CMakeFiles/cmTC_0089c.dir/link.txt --verbose=1
/usr/bin/cc  -DCMAKE_HAVE_LIBC_PTHREAD    -rdynamic CMakeFiles/cmTC_0089c.dir/src.c.o  -o cmTC_0089c 
/usr/bin/ld: CMakeFiles/cmTC_0089c.dir/src.c.o: in function `main':
src.c:(.text+0x46): undefined reference to `pthread_create'
/usr/bin/ld: src.c:(.text+0x52): undefined reference to `pthread_detach'
/usr/bin/ld: src.c:(.text+0x63): undefined reference to `pthread_join'
collect2: error: ld returned 1 exit status
make[4]: *** [CMakeFiles/cmTC_0089c.dir/build.make:87: cmTC_0089c] Error 1
make[4]: Leaving directory '/home/moshe/alpaca-trade-api-cpp/build/deps/glog_build/CMakeFiles/CMakeTmp'
make[3]: *** [Makefile:121: cmTC_0089c/fast] Error 2
make[3]: Leaving directory '/home/moshe/alpaca-trade-api-cpp/build/deps/glog_build/CMakeFiles/CMakeTmp'


Source file was:
#include <pthread.h>

void* test_func(void* data)
{
  return data;
}

int main(void)
{
  pthread_t thread;
  pthread_create(&thread, NULL, test_func, NULL);
  pthread_detach(thread);
  pthread_join(thread, NULL);
  pthread_atfork(NULL, NULL, NULL);
  pthread_exit(NULL);

  return 0;
}

Determining if the function pthread_create exists in the pthreads failed with the following output:
Change Dir: /home/moshe/alpaca-trade-api-cpp/build/deps/glog_build/CMakeFiles/CMakeTmp

Run Build Command(s):/usr/bin/make cmTC_5fbc7/fast && make[3]: Entering directory '/home/moshe/alpaca-trade-api-cpp/build/deps/glog_build/CMakeFiles/CMakeTmp'
/usr/bin/make -f CMakeFiles/cmTC_5fbc7.dir/build.make CMakeFiles/cmTC_5fbc7.dir/build
make[4]: Entering directory '/home/moshe/alpaca-trade-api-cpp/build/deps/glog_build/CMakeFiles/CMakeTmp'
Building C object CMakeFiles/cmTC_5fbc7.dir/CheckFunctionExists.c.o
/usr/bin/cc   -DCHECK_FUNCTION_EXISTS=pthread_create   -o CMakeFiles/cmTC_5fbc7.dir/CheckFunctionExists.c.o   -c /usr/share/cmake-3.16/Modules/CheckFunctionExists.c
Linking C executable cmTC_5fbc7
/usr/bin/cmake -E cmake_link_script CMakeFiles/cmTC_5fbc7.dir/link.txt --verbose=1
/usr/bin/cc  -DCHECK_FUNCTION_EXISTS=pthread_create    -rdynamic CMakeFiles/cmTC_5fbc7.dir/CheckFunctionExists.c.o  -o cmTC_5fbc7  -lpthreads 
/usr/bin/ld: cannot find -lpthreads
collect2: error: ld returned 1 exit status
make[4]: *** [CMakeFiles/cmTC_5fbc7.dir/build.make:87: cmTC_5fbc7] Error 1
make[4]: Leaving directory '/home/moshe/alpaca-trade-api-cpp/build/deps/glog_build/CMakeFiles/CMakeTmp'
make[3]: *** [Makefile:121: cmTC_5fbc7/fast] Error 2
make[3]: Leaving directory '/home/moshe/alpaca-trade-api-cpp/build/deps/glog_build/CMakeFiles/CMakeTmp'



Determining if the include file libunwind.h exists failed with the following output:
Change Dir: /home/moshe/alpaca-trade-api-cpp/build/deps/glog_build/CMakeFiles/CMakeTmp

Run Build Command(s):/usr/bin/make cmTC_f097f/fast && make[3]: Entering directory '/home/moshe/alpaca-trade-api-cpp/build/deps/glog_build/CMakeFiles/CMakeTmp'
/usr/bin/make -f CMakeFiles/cmTC_f097f.dir/build.make CMakeFiles/cmTC_f097f.dir/build
make[4]: Entering directory '/home/moshe/alpaca-trade-api-cpp/build/deps/glog_build/CMakeFiles/CMakeTmp'
Building C object CMakeFiles/cmTC_f097f.dir/CheckIncludeFile.c.o
/usr/bin/cc    -o CMakeFiles/cmTC_f097f.dir/CheckIncludeFile.c.o   -c /home/moshe/alpaca-trade-api-cpp/build/deps/glog_build/CMakeFiles/CMakeTmp/CheckIncludeFile.c
/home/moshe/alpaca-trade-api-cpp/build/deps/glog_build/CMakeFiles/CMakeTmp/CheckIncludeFile.c:1:10: fatal error: libunwind.h: No such file or directory
    1 | #include <libunwind.h>
      |          ^~~~~~~~~~~~~
compilation terminated.
make[4]: *** [CMakeFiles/cmTC_f097f.dir/build.make:66: CMakeFiles/cmTC_f097f.dir/CheckIncludeFile.c.o] Error 1
make[4]: Leaving directory '/home/moshe/alpaca-trade-api-cpp/build/deps/glog_build/CMakeFiles/CMakeTmp'
make[3]: *** [Makefile:121: cmTC_f097f/fast] Error 2
make[3]: Leaving directory '/home/moshe/alpaca-trade-api-cpp/build/deps/glog_build/CMakeFiles/CMakeTmp'



Performing C SOURCE FILE Test CMAKE_HAVE_LIBC_PTHREAD failed with the following output:
Change Dir: /home/moshe/alpaca-trade-api-cpp/build/deps/glog_build/CMakeFiles/CMakeTmp

Run Build Command(s):/usr/bin/make cmTC_beec1/fast && make[3]: Entering directory '/home/moshe/alpaca-trade-api-cpp/build/deps/glog_build/CMakeFiles/CMakeTmp'
/usr/bin/make -f CMakeFiles/cmTC_beec1.dir/build.make CMakeFiles/cmTC_beec1.dir/build
make[4]: Entering directory '/home/moshe/alpaca-trade-api-cpp/build/deps/glog_build/CMakeFiles/CMakeTmp'
Building C object CMakeFiles/cmTC_beec1.dir/src.c.o
/usr/bin/cc   -DCMAKE_HAVE_LIBC_PTHREAD   -o CMakeFiles/cmTC_beec1.dir/src.c.o   -c /home/moshe/alpaca-trade-api-cpp/build/deps/glog_build/CMakeFiles/CMakeTmp/src.c
Linking C executable cmTC_beec1
/usr/bin/cmake -E cmake_link_script CMakeFiles/cmTC_beec1.dir/link.txt --verbose=1
/usr/bin/cc  -DCMAKE_HAVE_LIBC_PTHREAD    -rdynamic CMakeFiles/cmTC_beec1.dir/src.c.o  -o cmTC_beec1 
/usr/bin/ld: CMakeFiles/cmTC_beec1.dir/src.c.o: in function `main':
src.c:(.text+0x46): undefined reference to `pthread_create'
/usr/bin/ld: src.c:(.text+0x52): undefined reference to `pthread_detach'
/usr/bin/ld: src.c:(.text+0x63): undefined reference to `pthread_join'
collect2: error: ld returned 1 exit status
make[4]: *** [CMakeFiles/cmTC_beec1.dir/build.make:87: cmTC_beec1] Error 1
make[4]: Leaving directory '/home/moshe/alpaca-trade-api-cpp/build/deps/glog_build/CMakeFiles/CMakeTmp'
make[3]: *** [Makefile:121: cmTC_beec1/fast] Error 2
make[3]: Leaving directory '/home/moshe/alpaca-trade-api-cpp/build/deps/glog_build/CMakeFiles/CMakeTmp'


Source file was:
#include <pthread.h>

void* test_func(void* data)
{
  return data;
}

int main(void)
{
  pthread_t thread;
  pthread_create(&thread, NULL, test_func, NULL);
  pthread_detach(thread);
  pthread_join(thread, NULL);
  pthread_atfork(NULL, NULL, NULL);
  pthread_exit(NULL);

  return 0;
}

Determining if the function pthread_create exists in the pthreads failed with the following output:
Change Dir: /home/moshe/alpaca-trade-api-cpp/build/deps/glog_build/CMakeFiles/CMakeTmp

Run Build Command(s):/usr/bin/make cmTC_b8a16/fast && make[3]: Entering directory '/home/moshe/alpaca-trade-api-cpp/build/deps/glog_build/CMakeFiles/CMakeTmp'
/usr/bin/make -f CMakeFiles/cmTC_b8a16.dir/build.make CMakeFiles/cmTC_b8a16.dir/build
make[4]: Entering directory '/home/moshe/alpaca-trade-api-cpp/build/deps/glog_build/CMakeFiles/CMakeTmp'
Building C object CMakeFiles/cmTC_b8a16.dir/CheckFunctionExists.c.o
/usr/bin/cc   -DCHECK_FUNCTION_EXISTS=pthread_create   -o CMakeFiles/cmTC_b8a16.dir/CheckFunctionExists.c.o   -c /usr/share/cmake-3.16/Modules/CheckFunctionExists.c
Linking C executable cmTC_b8a16
/usr/bin/cmake -E cmake_link_script CMakeFiles/cmTC_b8a16.dir/link.txt --verbose=1
/usr/bin/cc  -DCHECK_FUNCTION_EXISTS=pthread_create    -rdynamic CMakeFiles/cmTC_b8a16.dir/CheckFunctionExists.c.o  -o cmTC_b8a16  -lpthreads 
/usr/bin/ld: cannot find -lpthreads
collect2: error: ld returned 1 exit status
make[4]: *** [CMakeFiles/cmTC_b8a16.dir/build.make:87: cmTC_b8a16] Error 1
make[4]: Leaving directory '/home/moshe/alpaca-trade-api-cpp/build/deps/glog_build/CMakeFiles/CMakeTmp'
make[3]: *** [Makefile:121: cmTC_b8a16/fast] Error 2
make[3]: Leaving directory '/home/moshe/alpaca-trade-api-cpp/build/deps/glog_build/CMakeFiles/CMakeTmp'



Determining if the include file libunwind.h exists failed with the following output:
Change Dir: /home/moshe/alpaca-trade-api-cpp/build/deps/glog_build/CMakeFiles/CMakeTmp

Run Build Command(s):/usr/bin/make cmTC_442c0/fast && make[3]: Entering directory '/home/moshe/alpaca-trade-api-cpp/build/deps/glog_build/CMakeFiles/CMakeTmp'
/usr/bin/make -f CMakeFiles/cmTC_442c0.dir/build.make CMakeFiles/cmTC_442c0.dir/build
make[4]: Entering directory '/home/moshe/alpaca-trade-api-cpp/build/deps/glog_build/CMakeFiles/CMakeTmp'
Building C object CMakeFiles/cmTC_442c0.dir/CheckIncludeFile.c.o
/usr/bin/cc    -o CMakeFiles/cmTC_442c0.dir/CheckIncludeFile.c.o   -c /home/moshe/alpaca-trade-api-cpp/build/deps/glog_build/CMakeFiles/CMakeTmp/CheckIncludeFile.c
/home/moshe/alpaca-trade-api-cpp/build/deps/glog_build/CMakeFiles/CMakeTmp/CheckIncludeFile.c:1:10: fatal error: libunwind.h: No such file or directory
    1 | #include <libunwind.h>
      |          ^~~~~~~~~~~~~
compilation terminated.
make[4]: *** [CMakeFiles/cmTC_442c0.dir/build.make:66: CMakeFiles/cmTC_442c0.dir/CheckIncludeFile.c.o] Error 1
make[4]: Leaving directory '/home/moshe/alpaca-trade-api-cpp/build/deps/glog_build/CMakeFiles/CMakeTmp'
make[3]: *** [Makefile:121: cmTC_442c0/fast] Error 2
make[3]: Leaving directory '/home/moshe/alpaca-trade-api-cpp/build/deps/glog_build/CMakeFiles/CMakeTmp'



Determining size of unsigned __int16 failed with the following output:
Change Dir: /home/moshe/alpaca-trade-api-cpp/build/deps/glog_build/CMakeFiles/CMakeTmp

Run Build Command(s):/usr/bin/make cmTC_50b96/fast && make[3]: Entering directory '/home/moshe/alpaca-trade-api-cpp/build/deps/glog_build/CMakeFiles/CMakeTmp'
/usr/bin/make -f CMakeFiles/cmTC_50b96.dir/build.make CMakeFiles/cmTC_50b96.dir/build
make[4]: Entering directory '/home/moshe/alpaca-trade-api-cpp/build/deps/glog_build/CMakeFiles/CMakeTmp'
Building C object CMakeFiles/cmTC_50b96.dir/HAVE___UINT16.c.o
/usr/bin/cc    -o CMakeFiles/cmTC_50b96.dir/HAVE___UINT16.c.o   -c /home/moshe/alpaca-trade-api-cpp/build/deps/glog_build/CMakeFiles/CheckTypeSize/HAVE___UINT16.c
/home/moshe/alpaca-trade-api-cpp/build/deps/glog_build/CMakeFiles/CheckTypeSize/HAVE___UINT16.c:23:31: error: expected ‘)’ before ‘__int16’
   23 | #define SIZE (sizeof(unsigned __int16))
      |                     ~         ^~~~~~~
/home/moshe/alpaca-trade-api-cpp/build/deps/glog_build/CMakeFiles/CheckTypeSize/HAVE___UINT16.c:25:12: note: in expansion of macro ‘SIZE’
   25 |   ('0' + ((SIZE / 10000)%10)),
      |            ^~~~
/home/moshe/alpaca-trade-api-cpp/build/deps/glog_build/CMakeFiles/CheckTypeSize/HAVE___UINT16.c:23:31: error: expected ‘)’ before ‘__int16’
   23 | #define SIZE (sizeof(unsigned __int16))
      |                     ~         ^~~~~~~
/home/moshe/alpaca-trade-api-cpp/build/deps/glog_build/CMakeFiles/CheckTypeSize/HAVE___UINT16.c:26:12: note: in expansion of macro ‘SIZE’
   26 |   ('0' + ((SIZE / 1000)%10)),
      |            ^~~~
/home/moshe/alpaca-trade-api-cpp/build/deps/glog_build/CMakeFiles/CheckTypeSize/HAVE___UINT16.c:23:31: error: expected ‘)’ before ‘__int16’
   23 | #define SIZE (sizeof(unsigned __int16))
      |                     ~         ^~~~~~~
/home/moshe/alpaca-trade-api-cpp/build/deps/glog_build/CMakeFiles/CheckTypeSize/HAVE___UINT16.c:27:12: note: in expansion of macro ‘SIZE’
   27 |   ('0' + ((SIZE / 100)%10)),
      |            ^~~~
/home/moshe/alpaca-trade-api-cpp/build/deps/glog_build/CMakeFiles/CheckTypeSize/HAVE___UINT16.c:23:31: error: expected ‘)’ before ‘__int16’
   23 | #define SIZE (sizeof(unsigned __int16))
      |                     ~         ^~~~~~~
/home/moshe/alpaca-trade-api-cpp/build/deps/glog_build/CMakeFiles/CheckTypeSize/HAVE___UINT16.c:28:12: note: in expansion of macro ‘SIZE’
   28 |   ('0' + ((SIZE / 10)%10)),
      |            ^~~~
/home/moshe/alpaca-trade-api-cpp/build/deps/glog_build/CMakeFiles/CheckTypeSize/HAVE___UINT16.c:23:31: error: expected ‘)’ before ‘__int16’
   23 | #define SIZE (sizeof(unsigned __int16))
      |                     ~         ^~~~~~~
/home/moshe/alpaca-trade-api-cpp/build/deps/glog_build/CMakeFiles/CheckTypeSize/HAVE___UINT16.c:29:12: note: in expansion of macro ‘SIZE’
   29 |   ('0' +  (SIZE    % 10)),
      |            ^~~~
make[4]: *** [CMakeFiles/cmTC_50b96.dir/build.make:66: CMakeFiles/cmTC_50b96.dir/HAVE___UINT16.c.o] Error 1
make[4]: Leaving directory '/home/moshe/alpaca-trade-api-cpp/build/deps/glog_build/CMakeFiles/CMakeTmp'
make[3]: *** [Makefile:121: cmTC_50b96/fast] Error 2
make[3]: Leaving directory '/home/moshe/alpaca-trade-api-cpp/build/deps/glog_build/CMakeFiles/CMakeTmp'


/home/moshe/alpaca-trade-api-cpp/build/deps/glog_build/CMakeFiles/CheckTypeSize/HAVE___UINT16.c:
#include <sys/types.h>
#include <stdint.h>
#include <stddef.h>


#undef KEY
#if defined(__i386)
# define KEY '_','_','i','3','8','6'
#elif defined(__x86_64)
# define KEY '_','_','x','8','6','_','6','4'
#elif defined(__ppc__)
# define KEY '_','_','p','p','c','_','_'
#elif defined(__ppc64__)
# define KEY '_','_','p','p','c','6','4','_','_'
#elif defined(__aarch64__)
# define KEY '_','_','a','a','r','c','h','6','4','_','_'
#elif defined(__ARM_ARCH_7A__)
# define KEY '_','_','A','R','M','_','A','R','C','H','_','7','A','_','_'
#elif defined(__ARM_ARCH_7S__)
# define KEY '_','_','A','R','M','_','A','R','C','H','_','7','S','_','_'
#endif

#define SIZE (sizeof(unsigned __int16))
static char info_size[] =  {'I', 'N', 'F', 'O', ':', 's','i','z','e','[',
  ('0' + ((SIZE / 10000)%10)),
  ('0' + ((SIZE / 1000)%10)),
  ('0' + ((SIZE / 100)%10)),
  ('0' + ((SIZE / 10)%10)),
  ('0' +  (SIZE    % 10)),
  ']',
#ifdef KEY
  ' ','k','e','y','[', KEY, ']',
#endif
  '\0'};

#ifdef __CLASSIC_C__
int main(argc, argv) int argc; char *argv[];
#else
int main(int argc, char *argv[])
#endif
{
  int require = 0;
  require += info_size[argc];
  (void)argv;
  return require;
}


Determining if the function dladdr exists failed with the following output:
Change Dir: /home/moshe/alpaca-trade-api-cpp/build/deps/glog_build/CMakeFiles/CMakeTmp

Run Build Command(s):/usr/bin/make cmTC_859e4/fast && make[3]: Entering directory '/home/moshe/alpaca-trade-api-cpp/build/deps/glog_build/CMakeFiles/CMakeTmp'
/usr/bin/make -f CMakeFiles/cmTC_859e4.dir/build.make CMakeFiles/cmTC_859e4.dir/build
make[4]: Entering directory '/home/moshe/alpaca-trade-api-cpp/build/deps/glog_build/CMakeFiles/CMakeTmp'
Building C object CMakeFiles/cmTC_859e4.dir/CheckFunctionExists.c.o
/usr/bin/cc   -DCHECK_FUNCTION_EXISTS=dladdr   -o CMakeFiles/cmTC_859e4.dir/CheckFunctionExists.c.o   -c /usr/share/cmake-3.16/Modules/CheckFunctionExists.c
Linking C executable cmTC_859e4
/usr/bin/cmake -E cmake_link_script CMakeFiles/cmTC_859e4.dir/link.txt --verbose=1
/usr/bin/cc  -DCHECK_FUNCTION_EXISTS=dladdr    -rdynamic CMakeFiles/cmTC_859e4.dir/CheckFunctionExists.c.o  -o cmTC_859e4 
/usr/bin/ld: CMakeFiles/cmTC_859e4.dir/CheckFunctionExists.c.o: in function `main':
CheckFunctionExists.c:(.text+0x14): undefined reference to `dladdr'
collect2: error: ld returned 1 exit status
make[4]: *** [CMakeFiles/cmTC_859e4.dir/build.make:87: cmTC_859e4] Error 1
make[4]: Leaving directory '/home/moshe/alpaca-trade-api-cpp/build/deps/glog_build/CMakeFiles/CMakeTmp'
make[3]: *** [Makefile:121: cmTC_859e4/fast] Error 2
make[3]: Leaving directory '/home/moshe/alpaca-trade-api-cpp/build/deps/glog_build/CMakeFiles/CMakeTmp'



Performing C++ SOURCE FILE Test HAVE_NO_UNNAMED_TYPE_TEMPLATE_ARGS failed with the following output:
Change Dir: /home/moshe/alpaca-trade-api-cpp/build/deps/glog_build/CMakeFiles/CMakeTmp

Run Build Command(s):/usr/bin/make cmTC_9a161/fast && make[3]: Entering directory '/home/moshe/alpaca-trade-api-cpp/build/deps/glog_build/CMakeFiles/CMakeTmp'
/usr/bin/make -f CMakeFiles/cmTC_9a161.dir/build.make CMakeFiles/cmTC_9a161.dir/build
make[4]: Entering directory '/home/moshe/alpaca-trade-api-cpp/build/deps/glog_build/CMakeFiles/CMakeTmp'
Building CXX object CMakeFiles/cmTC_9a161.dir/src.cxx.o
/usr/bin/c++    -DHAVE_NO_UNNAMED_TYPE_TEMPLATE_ARGS   -Wunnamed-type-template-args -o CMakeFiles/cmTC_9a161.dir/src.cxx.o -c /home/moshe/alpaca-trade-api-cpp/build/deps/glog_build/CMakeFiles/CMakeTmp/src.cxx
c++: error: unrecognized command line option '-Wunnamed-type-template-args'
make[4]: *** [CMakeFiles/cmTC_9a161.dir/build.make:66: CMakeFiles/cmTC_9a161.dir/src.cxx.o] Error 1
make[4]: Leaving directory '/home/moshe/alpaca-trade-api-cpp/build/deps/glog_build/CMakeFiles/CMakeTmp'
make[3]: *** [Makefile:121: cmTC_9a161/fast] Error 2
make[3]: Leaving directory '/home/moshe/alpaca-trade-api-cpp/build/deps/glog_build/CMakeFiles/CMakeTmp'


Source file was:
int main() { return 0; }
