Performing C++ SOURCE FILE Test CMAKE_HAVE_LIBC_PTHREAD failed with the following output:
Change Dir: /home/moshe/alpaca-trade-api-cpp/alpaca/build/deps/gflags_build/CMakeFiles/CMakeTmp

Run Build Command(s):/usr/bin/make cmTC_6c897/fast && make[3]: Entering directory '/home/moshe/alpaca-trade-api-cpp/alpaca/build/deps/gflags_build/CMakeFiles/CMakeTmp'
/usr/bin/make -f CMakeFiles/cmTC_6c897.dir/build.make CMakeFiles/cmTC_6c897.dir/build
make[4]: Entering directory '/home/moshe/alpaca-trade-api-cpp/alpaca/build/deps/gflags_build/CMakeFiles/CMakeTmp'
Building CXX object CMakeFiles/cmTC_6c897.dir/src.cxx.o
/usr/bin/c++    -DCMAKE_HAVE_LIBC_PTHREAD   -o CMakeFiles/cmTC_6c897.dir/src.cxx.o -c /home/moshe/alpaca-trade-api-cpp/alpaca/build/deps/gflags_build/CMakeFiles/CMakeTmp/src.cxx
Linking CXX executable cmTC_6c897
/usr/bin/cmake -E cmake_link_script CMakeFiles/cmTC_6c897.dir/link.txt --verbose=1
/usr/bin/c++   -DCMAKE_HAVE_LIBC_PTHREAD    -rdynamic CMakeFiles/cmTC_6c897.dir/src.cxx.o  -o cmTC_6c897 
/usr/bin/ld: CMakeFiles/cmTC_6c897.dir/src.cxx.o: in function `main':
src.cxx:(.text+0x46): undefined reference to `pthread_create'
/usr/bin/ld: src.cxx:(.text+0x52): undefined reference to `pthread_detach'
/usr/bin/ld: src.cxx:(.text+0x63): undefined reference to `pthread_join'
collect2: error: ld returned 1 exit status
make[4]: *** [CMakeFiles/cmTC_6c897.dir/build.make:87: cmTC_6c897] Error 1
make[4]: Leaving directory '/home/moshe/alpaca-trade-api-cpp/alpaca/build/deps/gflags_build/CMakeFiles/CMakeTmp'
make[3]: *** [Makefile:121: cmTC_6c897/fast] Error 2
make[3]: Leaving directory '/home/moshe/alpaca-trade-api-cpp/alpaca/build/deps/gflags_build/CMakeFiles/CMakeTmp'


Source file was:
#include <pthread.h>

void* test_func(void* data)
{
  return data;
}

int main(void)
{
  pthread_t thread;
  pthread_create(&thread, NULL, test_func, NULL);
  pthread_detach(thread);
  pthread_join(thread, NULL);
  pthread_atfork(NULL, NULL, NULL);
  pthread_exit(NULL);

  return 0;
}

Determining if the function pthread_create exists in the pthreads failed with the following output:
Change Dir: /home/moshe/alpaca-trade-api-cpp/alpaca/build/deps/gflags_build/CMakeFiles/CMakeTmp

Run Build Command(s):/usr/bin/make cmTC_26ab7/fast && make[3]: Entering directory '/home/moshe/alpaca-trade-api-cpp/alpaca/build/deps/gflags_build/CMakeFiles/CMakeTmp'
/usr/bin/make -f CMakeFiles/cmTC_26ab7.dir/build.make CMakeFiles/cmTC_26ab7.dir/build
make[4]: Entering directory '/home/moshe/alpaca-trade-api-cpp/alpaca/build/deps/gflags_build/CMakeFiles/CMakeTmp'
Building CXX object CMakeFiles/cmTC_26ab7.dir/CheckFunctionExists.cxx.o
/usr/bin/c++    -DCHECK_FUNCTION_EXISTS=pthread_create   -o CMakeFiles/cmTC_26ab7.dir/CheckFunctionExists.cxx.o -c /home/moshe/alpaca-trade-api-cpp/alpaca/build/deps/gflags_build/CMakeFiles/CheckLibraryExists/CheckFunctionExists.cxx
Linking CXX executable cmTC_26ab7
/usr/bin/cmake -E cmake_link_script CMakeFiles/cmTC_26ab7.dir/link.txt --verbose=1
/usr/bin/c++   -DCHECK_FUNCTION_EXISTS=pthread_create    -rdynamic CMakeFiles/cmTC_26ab7.dir/CheckFunctionExists.cxx.o  -o cmTC_26ab7  -lpthreads 
/usr/bin/ld: cannot find -lpthreads
collect2: error: ld returned 1 exit status
make[4]: *** [CMakeFiles/cmTC_26ab7.dir/build.make:87: cmTC_26ab7] Error 1
make[4]: Leaving directory '/home/moshe/alpaca-trade-api-cpp/alpaca/build/deps/gflags_build/CMakeFiles/CMakeTmp'
make[3]: *** [Makefile:121: cmTC_26ab7/fast] Error 2
make[3]: Leaving directory '/home/moshe/alpaca-trade-api-cpp/alpaca/build/deps/gflags_build/CMakeFiles/CMakeTmp'



